<html>
<head>
<title>TestNG:  Default test</title>
<link href="../testng.css" rel="stylesheet" type="text/css" />
<link href="../my-testng.css" rel="stylesheet" type="text/css" />

<style type="text/css">
.log { display: none;} 
.stack-trace { display: none;} 
</style>
<script type="text/javascript">
<!--
function flip(e) {
  current = e.style.display;
  if (current == 'block') {
    e.style.display = 'none';
    return 0;
  }
  else {
    e.style.display = 'block';
    return 1;
  }
}

function toggleBox(szDivId, elem, msg1, msg2)
{
  var res = -1;  if (document.getElementById) {
    res = flip(document.getElementById(szDivId));
  }
  else if (document.all) {
    // this is the way old msie versions work
    res = flip(document.all[szDivId]);
  }
  if(elem) {
    if(res == 0) elem.innerHTML = msg1; else elem.innerHTML = msg2;
  }

}

function toggleAllBoxes() {
  if (document.getElementsByTagName) {
    d = document.getElementsByTagName('div');
    for (i = 0; i < d.length; i++) {
      if (d[i].className == 'log') {
        flip(d[i]);
      }
    }
  }
}

// -->
</script>

</head>
<body>
<h2 align='center'>Default test</h2><table border='1' align="center">
<tr>
<td>Tests passed/Failed/Skipped:</td><td>9/2/0</td>
</tr><tr>
<td>Started on:</td><td>Sat Jun 03 22:45:06 IST 2023</td>
</tr>
<tr><td>Total time:</td><td>59 seconds (59899 ms)</td>
</tr><tr>
<td>Included groups:</td><td></td>
</tr><tr>
<td>Excluded groups:</td><td></td>
</tr>
</table><p/>
<small><i>(Hover the method name to see the test class name)</i></small><p/>
<table width='100%' border='1' class='invocation-failed'>
<tr><td colspan='4' align='center'><b>FAILED TESTS</b></td></tr>
<tr><td><b>Test method</b></td>
<td width="30%"><b>Exception</b></td>
<td width="10%"><b>Time (seconds)</b></td>
<td><b>Instance</b></td>
</tr>
<tr>
<td title='TestCase.Login_Test.verifyLoginWithoutCredential()'><b>verifyLoginWithoutCredential</b><br>Test class: TestCase.Login_Test<br>Parameters: void TestCase.Login_Test.verifyLoginWithoutCredential(java.lang.reflect.Method)</td>
<td><div><pre>java.lang.AssertionError: Assertion Faile at void TestCase.Login_Test.verifyLoginWithoutCredential(java.lang.reflect.Method) expected [true] but found [false]
	at org.testng.Assert.fail(Assert.java:99)
	at org.testng.Assert.failNotEquals(Assert.java:1037)
	at org.testng.Assert.assertTrue(Assert.java:45)
	at Utility.Utilise1.VerificationAssertion(Utilise1.java:67)
	at TestCase.Login_Test.verifyLoginWithoutCredential(Login_Test.java:57)
	at java.base/jdk.internal.reflect.DirectMethodHandleAccessor.invoke(DirectMethodHandleAccessor.java:104)
	at java.base/java.lang.reflect.Method.invoke(Method.java:578)
	at org.testng.internal.MethodInvocationHelper.invokeMethod(MethodInvocationHelper.java:133)
	at org.testng.internal.TestInvoker.invokeMethod(TestInvoker.java:598)
	at org.testng.internal.TestInvoker.invokeTestMethod(TestInvoker.java:173)
	at org.testng.internal.MethodRunner.runInSequence(MethodRunner.java:46)
	at org.testng.internal.TestInvoker$MethodInvocationAgent.invoke(TestInvoker.java:824)
	at org.testng.internal.TestInvoker.invokeTestMethods(TestInvoker.java:146)
	at org.testng.internal.TestMethodWorker.invokeTestMethods(TestMethodWorker.java:146)
	at org.testng.internal.TestMethodWorker.run(TestMethodWorker.java:128)
	at java.base/java.util.ArrayList.forEach(ArrayList.java:1511)
	at org.testng.TestRunner.privateRun(TestRunner.java:794)
	at org.testng.TestRunner.run(TestRunner.java:596)
	at org.testng.SuiteRunner.runTest(SuiteRunner.java:377)
	at org.testng.SuiteRunner.runSequentially(SuiteRunner.java:371)
	at org.testng.SuiteRunner.privateRun(SuiteRunner.java:332)
	at org.testng.SuiteRunner.run(SuiteRunner.java:276)
	at org.testng.SuiteRunnerWorker.runSuite(SuiteRunnerWorker.java:53)
	at org.testng.SuiteRunnerWorker.run(SuiteRunnerWorker.java:96)
	at org.testng.TestNG.runSuitesSequentially(TestNG.java:1212)
	at org.testng.TestNG.runSuitesLocally(TestNG.java:1134)
	at org.testng.TestNG.runSuites(TestNG.java:1063)
	at org.testng.TestNG.run(TestNG.java:1031)
	at org.testng.remote.AbstractRemoteTestNG.run(AbstractRemoteTestNG.java:115)
	at org.testng.remote.RemoteTestNG.initAndRun(RemoteTestNG.java:251)
	at org.testng.remote.RemoteTestNG.main(RemoteTestNG.java:77)
</pre></div><a href='#' onClick='toggleBox("stack-trace1477996447", this, "Click to show all stack frames", "Click to hide stack frames")'>Click to show all stack frames</a>
<div class='stack-trace' id='stack-trace1477996447'><pre>java.lang.AssertionError: Assertion Faile at void TestCase.Login_Test.verifyLoginWithoutCredential(java.lang.reflect.Method) expected [true] but found [false]
	at org.testng.Assert.fail(Assert.java:99)
	at org.testng.Assert.failNotEquals(Assert.java:1037)
	at org.testng.Assert.assertTrue(Assert.java:45)
	at Utility.Utilise1.VerificationAssertion(Utilise1.java:67)
	at TestCase.Login_Test.verifyLoginWithoutCredential(Login_Test.java:57)
	at java.base/jdk.internal.reflect.DirectMethodHandleAccessor.invoke(DirectMethodHandleAccessor.java:104)
	at java.base/java.lang.reflect.Method.invoke(Method.java:578)
	at org.testng.internal.MethodInvocationHelper.invokeMethod(MethodInvocationHelper.java:133)
	at org.testng.internal.TestInvoker.invokeMethod(TestInvoker.java:598)
	at org.testng.internal.TestInvoker.invokeTestMethod(TestInvoker.java:173)
	at org.testng.internal.MethodRunner.runInSequence(MethodRunner.java:46)
	at org.testng.internal.TestInvoker$MethodInvocationAgent.invoke(TestInvoker.java:824)
	at org.testng.internal.TestInvoker.invokeTestMethods(TestInvoker.java:146)
	at org.testng.internal.TestMethodWorker.invokeTestMethods(TestMethodWorker.java:146)
	at org.testng.internal.TestMethodWorker.run(TestMethodWorker.java:128)
	at java.base/java.util.ArrayList.forEach(ArrayList.java:1511)
	at org.testng.TestRunner.privateRun(TestRunner.java:794)
	at org.testng.TestRunner.run(TestRunner.java:596)
	at org.testng.SuiteRunner.runTest(SuiteRunner.java:377)
	at org.testng.SuiteRunner.runSequentially(SuiteRunner.java:371)
	at org.testng.SuiteRunner.privateRun(SuiteRunner.java:332)
	at org.testng.SuiteRunner.run(SuiteRunner.java:276)
	at org.testng.SuiteRunnerWorker.runSuite(SuiteRunnerWorker.java:53)
	at org.testng.SuiteRunnerWorker.run(SuiteRunnerWorker.java:96)
	at org.testng.TestNG.runSuitesSequentially(TestNG.java:1212)
	at org.testng.TestNG.runSuitesLocally(TestNG.java:1134)
	at org.testng.TestNG.runSuites(TestNG.java:1063)
	at org.testng.TestNG.run(TestNG.java:1031)
	at org.testng.remote.AbstractRemoteTestNG.run(AbstractRemoteTestNG.java:115)
	at org.testng.remote.RemoteTestNG.initAndRun(RemoteTestNG.java:251)
	at org.testng.remote.RemoteTestNG.main(RemoteTestNG.java:77)
</pre></div></td>
<td>0</td>
<td>TestCase.Login_Test@6cd28fa7</td></tr>
<tr>
<td title='TestCase.Login_Test.verifyLoginWithInvalidCredential()'><b>verifyLoginWithInvalidCredential</b><br>Test class: TestCase.Login_Test<br>Parameters: void TestCase.Login_Test.verifyLoginWithInvalidCredential(java.lang.reflect.Method)</td>
<td><div><pre>java.lang.AssertionError: Assertion Faile at void TestCase.Login_Test.verifyLoginWithInvalidCredential(java.lang.reflect.Method) expected [true] but found [false]
	at org.testng.Assert.fail(Assert.java:99)
	at org.testng.Assert.failNotEquals(Assert.java:1037)
	at org.testng.Assert.assertTrue(Assert.java:45)
	at Utility.Utilise1.VerificationAssertion(Utilise1.java:67)
	at TestCase.Login_Test.verifyLoginWithInvalidCredential(Login_Test.java:50)
	at java.base/jdk.internal.reflect.DirectMethodHandleAccessor.invoke(DirectMethodHandleAccessor.java:104)
	at java.base/java.lang.reflect.Method.invoke(Method.java:578)
	at org.testng.internal.MethodInvocationHelper.invokeMethod(MethodInvocationHelper.java:133)
	at org.testng.internal.TestInvoker.invokeMethod(TestInvoker.java:598)
	at org.testng.internal.TestInvoker.invokeTestMethod(TestInvoker.java:173)
	at org.testng.internal.MethodRunner.runInSequence(MethodRunner.java:46)
	at org.testng.internal.TestInvoker$MethodInvocationAgent.invoke(TestInvoker.java:824)
	at org.testng.internal.TestInvoker.invokeTestMethods(TestInvoker.java:146)
	at org.testng.internal.TestMethodWorker.invokeTestMethods(TestMethodWorker.java:146)
	at org.testng.internal.TestMethodWorker.run(TestMethodWorker.java:128)
	at java.base/java.util.ArrayList.forEach(ArrayList.java:1511)
	at org.testng.TestRunner.privateRun(TestRunner.java:794)
	at org.testng.TestRunner.run(TestRunner.java:596)
	at org.testng.SuiteRunner.runTest(SuiteRunner.java:377)
	at org.testng.SuiteRunner.runSequentially(SuiteRunner.java:371)
	at org.testng.SuiteRunner.privateRun(SuiteRunner.java:332)
	at org.testng.SuiteRunner.run(SuiteRunner.java:276)
	at org.testng.SuiteRunnerWorker.runSuite(SuiteRunnerWorker.java:53)
	at org.testng.SuiteRunnerWorker.run(SuiteRunnerWorker.java:96)
	at org.testng.TestNG.runSuitesSequentially(TestNG.java:1212)
	at org.testng.TestNG.runSuitesLocally(TestNG.java:1134)
	at org.testng.TestNG.runSuites(TestNG.java:1063)
	at org.testng.TestNG.run(TestNG.java:1031)
	at org.testng.remote.AbstractRemoteTestNG.run(AbstractRemoteTestNG.java:115)
	at org.testng.remote.RemoteTestNG.initAndRun(RemoteTestNG.java:251)
	at org.testng.remote.RemoteTestNG.main(RemoteTestNG.java:77)
</pre></div><a href='#' onClick='toggleBox("stack-trace906838480", this, "Click to show all stack frames", "Click to hide stack frames")'>Click to show all stack frames</a>
<div class='stack-trace' id='stack-trace906838480'><pre>java.lang.AssertionError: Assertion Faile at void TestCase.Login_Test.verifyLoginWithInvalidCredential(java.lang.reflect.Method) expected [true] but found [false]
	at org.testng.Assert.fail(Assert.java:99)
	at org.testng.Assert.failNotEquals(Assert.java:1037)
	at org.testng.Assert.assertTrue(Assert.java:45)
	at Utility.Utilise1.VerificationAssertion(Utilise1.java:67)
	at TestCase.Login_Test.verifyLoginWithInvalidCredential(Login_Test.java:50)
	at java.base/jdk.internal.reflect.DirectMethodHandleAccessor.invoke(DirectMethodHandleAccessor.java:104)
	at java.base/java.lang.reflect.Method.invoke(Method.java:578)
	at org.testng.internal.MethodInvocationHelper.invokeMethod(MethodInvocationHelper.java:133)
	at org.testng.internal.TestInvoker.invokeMethod(TestInvoker.java:598)
	at org.testng.internal.TestInvoker.invokeTestMethod(TestInvoker.java:173)
	at org.testng.internal.MethodRunner.runInSequence(MethodRunner.java:46)
	at org.testng.internal.TestInvoker$MethodInvocationAgent.invoke(TestInvoker.java:824)
	at org.testng.internal.TestInvoker.invokeTestMethods(TestInvoker.java:146)
	at org.testng.internal.TestMethodWorker.invokeTestMethods(TestMethodWorker.java:146)
	at org.testng.internal.TestMethodWorker.run(TestMethodWorker.java:128)
	at java.base/java.util.ArrayList.forEach(ArrayList.java:1511)
	at org.testng.TestRunner.privateRun(TestRunner.java:794)
	at org.testng.TestRunner.run(TestRunner.java:596)
	at org.testng.SuiteRunner.runTest(SuiteRunner.java:377)
	at org.testng.SuiteRunner.runSequentially(SuiteRunner.java:371)
	at org.testng.SuiteRunner.privateRun(SuiteRunner.java:332)
	at org.testng.SuiteRunner.run(SuiteRunner.java:276)
	at org.testng.SuiteRunnerWorker.runSuite(SuiteRunnerWorker.java:53)
	at org.testng.SuiteRunnerWorker.run(SuiteRunnerWorker.java:96)
	at org.testng.TestNG.runSuitesSequentially(TestNG.java:1212)
	at org.testng.TestNG.runSuitesLocally(TestNG.java:1134)
	at org.testng.TestNG.runSuites(TestNG.java:1063)
	at org.testng.TestNG.run(TestNG.java:1031)
	at org.testng.remote.AbstractRemoteTestNG.run(AbstractRemoteTestNG.java:115)
	at org.testng.remote.RemoteTestNG.initAndRun(RemoteTestNG.java:251)
	at org.testng.remote.RemoteTestNG.main(RemoteTestNG.java:77)
</pre></div></td>
<td>0</td>
<td>TestCase.Login_Test@6cd28fa7</td></tr>
</table><p>
<table width='100%' border='1' class='invocation-passed'>
<tr><td colspan='4' align='center'><b>PASSED TESTS</b></td></tr>
<tr><td><b>Test method</b></td>
<td width="30%"><b>Exception</b></td>
<td width="10%"><b>Time (seconds)</b></td>
<td><b>Instance</b></td>
</tr>
<tr>
<td title='TestCase.Login_Test.verifyLoginWithValidCredential()'><b>verifyLoginWithValidCredential</b><br>Test class: TestCase.Login_Test<br>Parameters: muruSatJun03221044IST2023@gmail.com, Mmuru@2004, void TestCase.Login_Test.verifyLoginWithValidCredential(java.lang.String,java.lang.String,java.lang.reflect.Method)</td>
<td></td>
<td>0</td>
<td>TestCase.Login_Test@6cd28fa7</td></tr>
<tr>
<td title='TestCase.Login_Test.verifyLoginWithValidCredential()'><b>verifyLoginWithValidCredential</b><br>Test class: TestCase.Login_Test<br>Parameters: muruSatJun03221021IST2023@gmail.com, Mmuru@2004, void TestCase.Login_Test.verifyLoginWithValidCredential(java.lang.String,java.lang.String,java.lang.reflect.Method)</td>
<td></td>
<td>0</td>
<td>TestCase.Login_Test@6cd28fa7</td></tr>
<tr>
<td title='TestCase.Login_Test.verifyLoginWithValidCredential()'><b>verifyLoginWithValidCredential</b><br>Test class: TestCase.Login_Test<br>Parameters: muruSatJun03221832IST2023@gmail.com, Mmuru@2004, void TestCase.Login_Test.verifyLoginWithValidCredential(java.lang.String,java.lang.String,java.lang.reflect.Method)</td>
<td></td>
<td>0</td>
<td>TestCase.Login_Test@6cd28fa7</td></tr>
<tr>
<td title='TestCase.Login_Test.verifyLoginWithValidCredential()'><b>verifyLoginWithValidCredential</b><br>Test class: TestCase.Login_Test<br>Parameters: muruSatJun03221804IST2023@gmail.com, Mmuru@2004, void TestCase.Login_Test.verifyLoginWithValidCredential(java.lang.String,java.lang.String,java.lang.reflect.Method)</td>
<td></td>
<td>0</td>
<td>TestCase.Login_Test@6cd28fa7</td></tr>
<tr>
<td title='TestCase.Login_Test.verifyLoginWithValidCredential()'><b>verifyLoginWithValidCredential</b><br>Test class: TestCase.Login_Test<br>Parameters: muruSatJun03221822IST2023@gmail.com, Mmuru@2004, void TestCase.Login_Test.verifyLoginWithValidCredential(java.lang.String,java.lang.String,java.lang.reflect.Method)</td>
<td></td>
<td>0</td>
<td>TestCase.Login_Test@6cd28fa7</td></tr>
<tr>
<td title='TestCase.Login_Test.verifyLoginWithValidCredential()'><b>verifyLoginWithValidCredential</b><br>Test class: TestCase.Login_Test<br>Parameters: muruSatJun03221814IST2023@gmail.com, Mmuru@2004, void TestCase.Login_Test.verifyLoginWithValidCredential(java.lang.String,java.lang.String,java.lang.reflect.Method)</td>
<td></td>
<td>0</td>
<td>TestCase.Login_Test@6cd28fa7</td></tr>
<tr>
<td title='TestCase.Login_Test.verifyLoginWithValidCredential()'><b>verifyLoginWithValidCredential</b><br>Test class: TestCase.Login_Test<br>Parameters: muruSatJun03221037IST2023@gmail.com, Mmuru@2004, void TestCase.Login_Test.verifyLoginWithValidCredential(java.lang.String,java.lang.String,java.lang.reflect.Method)</td>
<td></td>
<td>0</td>
<td>TestCase.Login_Test@6cd28fa7</td></tr>
<tr>
<td title='TestCase.Login_Test.verifyLoginWithValidCredential()'><b>verifyLoginWithValidCredential</b><br>Test class: TestCase.Login_Test<br>Parameters: muruSatJun03221011IST2023@gmail.com, Mmuru@2004, void TestCase.Login_Test.verifyLoginWithValidCredential(java.lang.String,java.lang.String,java.lang.reflect.Method)</td>
<td></td>
<td>0</td>
<td>TestCase.Login_Test@6cd28fa7</td></tr>
<tr>
<td title='TestCase.Login_Test.verifyLoginWithValidCredential()'><b>verifyLoginWithValidCredential</b><br>Test class: TestCase.Login_Test<br>Parameters: muruSatJun03221029IST2023@gmail.com, Mmuru@2004, void TestCase.Login_Test.verifyLoginWithValidCredential(java.lang.String,java.lang.String,java.lang.reflect.Method)</td>
<td></td>
<td>0</td>
<td>TestCase.Login_Test@6cd28fa7</td></tr>
</table><p>
</body>
</html>